# JRE version: Java(TM) SE Runtime Environment (7.0_71-b14) (build 1.7.0_71-b14)
# Java VM: Java HotSpot(TM) 64-Bit Server VM (24.71-b01 mixed mode windows-amd64 compressed oops)
Heap
 PSYoungGen      total 285184K, used 206665K [0x00000000eaa80000, 0x0000000100000000, 0x0000000100000000)
  eden space 233984K, 88% used [0x00000000eaa80000,0x00000000f74525e8,0x00000000f8f00000)
  from space 51200K, 0% used [0x00000000fce00000,0x00000000fce00000,0x0000000100000000)
  to   space 57856K, 0% used [0x00000000f8f00000,0x00000000f8f00000,0x00000000fc780000)
 ParOldGen       total 237568K, used 157255K [0x00000000c0000000, 0x00000000ce800000, 0x00000000eaa80000)
  object space 237568K, 66% used [0x00000000c0000000,0x00000000c9991ca0,0x00000000ce800000)
 PSPermGen       total 251904K, used 225820K [0x00000000b0000000, 0x00000000bf600000, 0x00000000c0000000)
  object space 251904K, 89% used [0x00000000b0000000,0x00000000bdc87218,0x00000000bf600000)
GC Heap History (10 events):
Event: 20042.024 GC heap before
{Heap before GC invocations=75 (full 22):
 PSYoungGen      total 295424K, used 36147K [0x00000000eaa80000, 0x00000000ffd80000, 0x0000000100000000)
  eden space 244736K, 0% used [0x00000000eaa80000,0x00000000eaa80000,0x00000000f9980000)
  from space 50688K, 71% used [0x00000000f9980000,0x00000000fbcccfa0,0x00000000fcb00000)
  to   space 51200K, 0% used [0x00000000fcb80000,0x00000000fcb80000,0x00000000ffd80000)
 ParOldGen       total 237568K, used 124589K [0x00000000c0000000, 0x00000000ce800000, 0x00000000eaa80000)
  object space 237568K, 52% used [0x00000000c0000000,0x00000000c79ab628,0x00000000ce800000)
 PSPermGen       total 202752K, used 192046K [0x00000000b0000000, 0x00000000bc600000, 0x00000000c0000000)
  object space 202752K, 94% used [0x00000000b0000000,0x00000000bbb8ba50,0x00000000bc600000)
Event: 20043.337 GC heap after
Heap after GC invocations=75 (full 22):
 PSYoungGen      total 295424K, used 0K [0x00000000eaa80000, 0x00000000ffd80000, 0x0000000100000000)
  eden space 244736K, 0% used [0x00000000eaa80000,0x00000000eaa80000,0x00000000f9980000)
  from space 50688K, 0% used [0x00000000f9980000,0x00000000f9980000,0x00000000fcb00000)
  to   space 51200K, 0% used [0x00000000fcb80000,0x00000000fcb80000,0x00000000ffd80000)
 ParOldGen       total 237568K, used 126477K [0x00000000c0000000, 0x00000000ce800000, 0x00000000eaa80000)
  object space 237568K, 53% used [0x00000000c0000000,0x00000000c7b835c0,0x00000000ce800000)
 PSPermGen       total 220160K, used 191412K [0x00000000b0000000, 0x00000000bd700000, 0x00000000c0000000)
  object space 220160K, 86% used [0x00000000b0000000,0x00000000bbaed208,0x00000000bd700000)
}
Event: 20128.995 GC heap before
{Heap before GC invocations=76 (full 22):
 PSYoungGen      total 295424K, used 244736K [0x00000000eaa80000, 0x00000000ffd80000, 0x0000000100000000)
  eden space 244736K, 100% used [0x00000000eaa80000,0x00000000f9980000,0x00000000f9980000)
  from space 50688K, 0% used [0x00000000f9980000,0x00000000f9980000,0x00000000fcb00000)
  to   space 51200K, 0% used [0x00000000fcb80000,0x00000000fcb80000,0x00000000ffd80000)
 ParOldGen       total 237568K, used 126477K [0x00000000c0000000, 0x00000000ce800000, 0x00000000eaa80000)
  object space 237568K, 53% used [0x00000000c0000000,0x00000000c7b835c0,0x00000000ce800000)
 PSPermGen       total 220160K, used 200570K [0x00000000b0000000, 0x00000000bd700000, 0x00000000c0000000)
  object space 220160K, 91% used [0x00000000b0000000,0x00000000bc3de9f0,0x00000000bd700000)
Event: 20129.102 GC heap after
Heap after GC invocations=76 (full 22):
 PSYoungGen      total 296960K, used 22653K [0x00000000eaa80000, 0x00000000ffe80000, 0x0000000100000000)
  eden space 245760K, 0% used [0x00000000eaa80000,0x00000000eaa80000,0x00000000f9a80000)
  from space 51200K, 44% used [0x00000000fcb80000,0x00000000fe19f758,0x00000000ffd80000)
  to   space 50176K, 0% used [0x00000000f9a80000,0x00000000f9a80000,0x00000000fcb80000)
 ParOldGen       total 237568K, used 126477K [0x00000000c0000000, 0x00000000ce800000, 0x00000000eaa80000)
  object space 237568K, 53% used [0x00000000c0000000,0x00000000c7b835c0,0x00000000ce800000)
 PSPermGen       total 220160K, used 200570K [0x00000000b0000000, 0x00000000bd700000, 0x00000000c0000000)
  object space 220160K, 91% used [0x00000000b0000000,0x00000000bc3de9f0,0x00000000bd700000)
}
Event: 20205.904 GC heap before
{Heap before GC invocations=77 (full 22):
 PSYoungGen      total 296960K, used 268413K [0x00000000eaa80000, 0x00000000ffe80000, 0x0000000100000000)
  eden space 245760K, 100% used [0x00000000eaa80000,0x00000000f9a80000,0x00000000f9a80000)
  from space 51200K, 44% used [0x00000000fcb80000,0x00000000fe19f758,0x00000000ffd80000)
  to   space 50176K, 0% used [0x00000000f9a80000,0x00000000f9a80000,0x00000000fcb80000)
 ParOldGen       total 237568K, used 126477K [0x00000000c0000000, 0x00000000ce800000, 0x00000000eaa80000)
  object space 237568K, 53% used [0x00000000c0000000,0x00000000c7b835c0,0x00000000ce800000)
 PSPermGen       total 220160K, used 209395K [0x00000000b0000000, 0x00000000bd700000, 0x00000000c0000000)
  object space 220160K, 95% used [0x00000000b0000000,0x00000000bcc7ce10,0x00000000bd700000)
Event: 20206.028 GC heap after
Heap after GC invocations=77 (full 22):
 PSYoungGen      total 295936K, used 36682K [0x00000000eaa80000, 0x0000000100000000, 0x0000000100000000)
  eden space 245760K, 0% used [0x00000000eaa80000,0x00000000eaa80000,0x00000000f9a80000)
  from space 50176K, 73% used [0x00000000f9a80000,0x00000000fbe52930,0x00000000fcb80000)
  to   space 51200K, 0% used [0x00000000fce00000,0x00000000fce00000,0x0000000100000000)
 ParOldGen       total 237568K, used 126477K [0x00000000c0000000, 0x00000000ce800000, 0x00000000eaa80000)
  object space 237568K, 53% used [0x00000000c0000000,0x00000000c7b835c0,0x00000000ce800000)
 PSPermGen       total 220160K, used 209395K [0x00000000b0000000, 0x00000000bd700000, 0x00000000c0000000)
  object space 220160K, 95% used [0x00000000b0000000,0x00000000bcc7ce10,0x00000000bd700000)
}
Event: 20234.569 GC heap before
{Heap before GC invocations=78 (full 22):
 PSYoungGen      total 295936K, used 239927K [0x00000000eaa80000, 0x0000000100000000, 0x0000000100000000)
  eden space 245760K, 82% used [0x00000000eaa80000,0x00000000f70fb420,0x00000000f9a80000)
  from space 50176K, 73% used [0x00000000f9a80000,0x00000000fbe52930,0x00000000fcb80000)
  to   space 51200K, 0% used [0x00000000fce00000,0x00000000fce00000,0x0000000100000000)
 ParOldGen       total 237568K, used 126477K [0x00000000c0000000, 0x00000000ce800000, 0x00000000eaa80000)
  object space 237568K, 53% used [0x00000000c0000000,0x00000000c7b835c0,0x00000000ce800000)
 PSPermGen       total 220160K, used 217950K [0x00000000b0000000, 0x00000000bd700000, 0x00000000c0000000)
  object space 220160K, 98% used [0x00000000b0000000,0x00000000bd4d7a68,0x00000000bd700000)
Event: 20234.779 GC heap after
Heap after GC invocations=78 (full 22):
 PSYoungGen      total 285184K, used 51181K [0x00000000eaa80000, 0x0000000100000000, 0x0000000100000000)
  eden space 233984K, 0% used [0x00000000eaa80000,0x00000000eaa80000,0x00000000f8f00000)
  from space 51200K, 99% used [0x00000000fce00000,0x00000000ffffb420,0x0000000100000000)
  to   space 57856K, 0% used [0x00000000f8f00000,0x00000000f8f00000,0x00000000fc780000)
 ParOldGen       total 237568K, used 128873K [0x00000000c0000000, 0x00000000ce800000, 0x00000000eaa80000)
  object space 237568K, 54% used [0x00000000c0000000,0x00000000c7dda5f8,0x00000000ce800000)
 PSPermGen       total 220160K, used 217950K [0x00000000b0000000, 0x00000000bd700000, 0x00000000c0000000)
  object space 220160K, 98% used [0x00000000b0000000,0x00000000bd4d7a68,0x00000000bd700000)
}
Event: 20234.779 GC heap before
{Heap before GC invocations=79 (full 23):
 PSYoungGen      total 285184K, used 51181K [0x00000000eaa80000, 0x0000000100000000, 0x0000000100000000)
  eden space 233984K, 0% used [0x00000000eaa80000,0x00000000eaa80000,0x00000000f8f00000)
  from space 51200K, 99% used [0x00000000fce00000,0x00000000ffffb420,0x0000000100000000)
  to   space 57856K, 0% used [0x00000000f8f00000,0x00000000f8f00000,0x00000000fc780000)
 ParOldGen       total 237568K, used 128873K [0x00000000c0000000, 0x00000000ce800000, 0x00000000eaa80000)
  object space 237568K, 54% used [0x00000000c0000000,0x00000000c7dda5f8,0x00000000ce800000)
 PSPermGen       total 220160K, used 217950K [0x00000000b0000000, 0x00000000bd700000, 0x00000000c0000000)
  object space 220160K, 98% used [0x00000000b0000000,0x00000000bd4d7a68,0x00000000bd700000)
Event: 20238.691 GC heap after
Heap after GC invocations=79 (full 23):
 PSYoungGen      total 285184K, used 0K [0x00000000eaa80000, 0x0000000100000000, 0x0000000100000000)
  eden space 233984K, 0% used [0x00000000eaa80000,0x00000000eaa80000,0x00000000f8f00000)
  from space 51200K, 0% used [0x00000000fce00000,0x00000000fce00000,0x0000000100000000)
  to   space 57856K, 0% used [0x00000000f8f00000,0x00000000f8f00000,0x00000000fc780000)
 ParOldGen       total 237568K, used 157255K [0x00000000c0000000, 0x00000000ce800000, 0x00000000eaa80000)
  object space 237568K, 66% used [0x00000000c0000000,0x00000000c9991ca0,0x00000000ce800000)
 PSPermGen       total 251904K, used 217549K [0x00000000b0000000, 0x00000000bf600000, 0x00000000c0000000)
  object space 251904K, 86% used [0x00000000b0000000,0x00000000bd4735f8,0x00000000bf600000)
}

